c:\users\ollivier\documents\visual studio 2022\projects\regarch20etudiants\regarch20acompleter\obj\debug\x64\regarchlib\regarchlib.pch
c:\users\ollivier\documents\visual studio 2022\projects\regarch20etudiants\regarch20acompleter\lib\debug\x64\regarchlib.pdb
c:\users\ollivier\documents\visual studio 2022\projects\regarch20etudiants\regarch20acompleter\lib\debug\x64\regarchlib.idb
c:\users\ollivier\documents\visual studio 2022\projects\regarch20etudiants\regarch20acompleter\obj\debug\x64\regarchlib\cabstcondmean.obj
c:\users\ollivier\documents\visual studio 2022\projects\regarch20etudiants\regarch20acompleter\obj\debug\x64\regarchlib\cabstcondvar.obj
c:\users\ollivier\documents\visual studio 2022\projects\regarch20etudiants\regarch20acompleter\obj\debug\x64\regarchlib\cabstresiduals.obj
c:\users\ollivier\documents\visual studio 2022\projects\regarch20etudiants\regarch20acompleter\obj\debug\x64\regarchlib\caparch.obj
c:\users\ollivier\documents\visual studio 2022\projects\regarch20etudiants\regarch20acompleter\obj\debug\x64\regarchlib\car.obj
c:\users\ollivier\documents\visual studio 2022\projects\regarch20etudiants\regarch20acompleter\obj\debug\x64\regarchlib\carch.obj
c:\users\ollivier\documents\visual studio 2022\projects\regarch20etudiants\regarch20acompleter\obj\debug\x64\regarchlib\ccondmean.obj
c:\users\ollivier\documents\visual studio 2022\projects\regarch20etudiants\regarch20acompleter\obj\debug\x64\regarchlib\cconst.obj
c:\users\ollivier\documents\visual studio 2022\projects\regarch20etudiants\regarch20acompleter\obj\debug\x64\regarchlib\cconstcondvar.obj
c:\users\ollivier\documents\visual studio 2022\projects\regarch20etudiants\regarch20acompleter\obj\debug\x64\regarchlib\cegarch.obj
c:\users\ollivier\documents\visual studio 2022\projects\regarch20etudiants\regarch20acompleter\obj\debug\x64\regarchlib\cgarch.obj
c:\users\ollivier\documents\visual studio 2022\projects\regarch20etudiants\regarch20acompleter\obj\debug\x64\regarchlib\cgedresiduals.obj
c:\users\ollivier\documents\visual studio 2022\projects\regarch20etudiants\regarch20acompleter\obj\debug\x64\regarchlib\clinreg.obj
c:\users\ollivier\documents\visual studio 2022\projects\regarch20etudiants\regarch20acompleter\obj\debug\x64\regarchlib\cma.obj
c:\users\ollivier\documents\visual studio 2022\projects\regarch20etudiants\regarch20acompleter\obj\debug\x64\regarchlib\cmixnormresiduals.obj
c:\users\ollivier\documents\visual studio 2022\projects\regarch20etudiants\regarch20acompleter\obj\debug\x64\regarchlib\cngarch.obj
c:\users\ollivier\documents\visual studio 2022\projects\regarch20etudiants\regarch20acompleter\obj\debug\x64\regarchlib\cnormresiduals.obj
c:\users\ollivier\documents\visual studio 2022\projects\regarch20etudiants\regarch20acompleter\obj\debug\x64\regarchlib\cnumericderivative.obj
c:\users\ollivier\documents\visual studio 2022\projects\regarch20etudiants\regarch20acompleter\obj\debug\x64\regarchlib\cpolynome.obj
c:\users\ollivier\documents\visual studio 2022\projects\regarch20etudiants\regarch20acompleter\obj\debug\x64\regarchlib\cregarchgradient.obj
c:\users\ollivier\documents\visual studio 2022\projects\regarch20etudiants\regarch20acompleter\obj\debug\x64\regarchlib\cregarchhessien.obj
c:\users\ollivier\documents\visual studio 2022\projects\regarch20etudiants\regarch20acompleter\obj\debug\x64\regarchlib\cregarchmodel.obj
c:\users\ollivier\documents\visual studio 2022\projects\regarch20etudiants\regarch20acompleter\obj\debug\x64\regarchlib\cregarchvalue.obj
c:\users\ollivier\documents\visual studio 2022\projects\regarch20etudiants\regarch20acompleter\obj\debug\x64\regarchlib\cstddevinmean.obj
c:\users\ollivier\documents\visual studio 2022\projects\regarch20etudiants\regarch20acompleter\obj\debug\x64\regarchlib\cstudentresiduals.obj
c:\users\ollivier\documents\visual studio 2022\projects\regarch20etudiants\regarch20acompleter\obj\debug\x64\regarchlib\ctabofstring.obj
c:\users\ollivier\documents\visual studio 2022\projects\regarch20etudiants\regarch20acompleter\obj\debug\x64\regarchlib\ctarch.obj
c:\users\ollivier\documents\visual studio 2022\projects\regarch20etudiants\regarch20acompleter\obj\debug\x64\regarchlib\cugarch.obj
c:\users\ollivier\documents\visual studio 2022\projects\regarch20etudiants\regarch20acompleter\obj\debug\x64\regarchlib\cvarinmean.obj
c:\users\ollivier\documents\visual studio 2022\projects\regarch20etudiants\regarch20acompleter\obj\debug\x64\regarchlib\derivativetools.obj
c:\users\ollivier\documents\visual studio 2022\projects\regarch20etudiants\regarch20acompleter\obj\debug\x64\regarchlib\gslandnloptoptim.obj
c:\users\ollivier\documents\visual studio 2022\projects\regarch20etudiants\regarch20acompleter\obj\debug\x64\regarchlib\regarchcompute.obj
c:\users\ollivier\documents\visual studio 2022\projects\regarch20etudiants\regarch20acompleter\obj\debug\x64\regarchlib\somedistribution.obj
c:\users\ollivier\documents\visual studio 2022\projects\regarch20etudiants\regarch20acompleter\obj\debug\x64\regarchlib\stdafxregarchlib.obj
c:\users\ollivier\documents\visual studio 2022\projects\regarch20etudiants\regarch20acompleter\lib\debug\x64\regarchlib.lib
c:\users\ollivier\documents\visual studio 2022\projects\regarch20etudiants\regarch20acompleter\obj\debug\x64\regarchlib\regarchlib.vcxproj.filelistabsolute.txt
c:\users\ollivier\documents\visual studio 2022\projects\regarch20etudiants\regarch20acompleter\obj\debug\x64\regarchlib\regarchlib.tlog\cl.command.1.tlog
c:\users\ollivier\documents\visual studio 2022\projects\regarch20etudiants\regarch20acompleter\obj\debug\x64\regarchlib\regarchlib.tlog\cl.read.1.tlog
c:\users\ollivier\documents\visual studio 2022\projects\regarch20etudiants\regarch20acompleter\obj\debug\x64\regarchlib\regarchlib.tlog\cl.write.1.tlog
c:\users\ollivier\documents\visual studio 2022\projects\regarch20etudiants\regarch20acompleter\obj\debug\x64\regarchlib\regarchlib.tlog\lib-link.read.1.tlog
c:\users\ollivier\documents\visual studio 2022\projects\regarch20etudiants\regarch20acompleter\obj\debug\x64\regarchlib\regarchlib.tlog\lib-link.write.1.tlog
c:\users\ollivier\documents\visual studio 2022\projects\regarch20etudiants\regarch20acompleter\obj\debug\x64\regarchlib\regarchlib.tlog\lib.command.1.tlog
