  RegArchCompute.cpp
  CNumericDerivative.cpp
  DerivativeTools.cpp
  GslAndNloptOptim.cpp
  SomeDistribution.cpp
  StdAfxRegArchLib.cpp
  cAbstCondMean.cpp
  cAbstCondVar.cpp
  cAbstResiduals.cpp
  cAparch.cpp
  cAr.cpp
  cArch.cpp
  cArfima.cpp
  cCondMean.cpp
  cConst.cpp
  cConstCondVar.cpp
  cEgarch.cpp
  cFigarch.cpp
  cGarch.cpp
  cGedResiduals.cpp
  cLinReg.cpp
  Compilation en cours...
  cMa.cpp
  cMixNormResiduals.cpp
  cNormResiduals.cpp
  cPolynome.cpp
  cRegArchGradient.cpp
  cRegArchHessien.cpp
  cRegArchModel.cpp
  cRegArchValue.cpp
  cStdDevInMean.cpp
  cStudentResiduals.cpp
  cTabOfString.cpp
  cTarch.cpp
  cUgarch.cpp
  cVarInMean.cpp
  RegArchLib.vcxproj -> C:\Users\Ollivier\Documents\Visual Studio 2017\Projects\RegArch19\Lib\Release\Win32\RegArchLib.lib
